<?xml version="1.0" encoding="UTF-8"?>
<!-- Generated by org.testng.reporters.JUnitXMLReporter -->
<testsuite ignored="2" hostname="LAPTOP-BBV4M2VF" failures="0" tests="1" name="Reg Test(failed)" time="0.04" errors="0" timestamp="2020-07-06T02:06:15 IST">
  <testcase classname="com.mycompany.app.AppiumTest" name="random" time="0.008"/>
  <testcase classname="com.mycompany.app.AppiumTest" name="india" time="0.0">
    <ignored/>
  </testcase> <!-- india -->
  <testcase classname="com.mycompany.app.AppiumTest" name="appiumTest" time="0.0">
    <ignored/>
  </testcase> <!-- appiumTest -->
</testsuite> <!-- Reg Test(failed) -->
