<?xml version="1.0" encoding="UTF-8"?>
<!-- Generated by org.testng.reporters.JUnitXMLReporter -->
<testsuite ignored="0" hostname="LAPTOP-BBV4M2VF" failures="0" tests="4" name="Reg Test" time="0.067" errors="0" timestamp="2020-07-06T01:12:00 IST">
  <testcase classname="com.mycompany.app.AppiumTest" name="appiumTest" time="0.014"/>
  <testcase classname="com.mycompany.app.AppiumTest" name="india" time="0.001"/>
  <testcase classname="com.mycompany.app.AppiumTest" name="random" time="0.006"/>
  <testcase classname="com.mycompany.app.SeleniumTest" name="selinumTest" time="0.001"/>
</testsuite> <!-- Reg Test -->
